<?xml version="1.0" encoding="UTF-8"?>
<!-- Generated by org.testng.reporters.JUnitReportReporter -->
<testsuite skipped="0" hostname="DESKTOP-JSTUL8K" name="Shwapno.UI" tests="1" failures="0" timestamp="2021-03-03T18:50:06 BDT" time="47.437" errors="0">
  <testcase name="setup" time="47.437" classname="Shwapno.UI"/>
  <system-out/>
</testsuite> <!-- Shwapno.UI -->
